\BOOKMARK [0][]{chapter.1}{\376\377\173\054\000\040\0001\000\040\172\340\000\040\226\217\147\072\116\213\116\366\116\016\151\202\163\207}{}% 1
\BOOKMARK [1][]{section.1.1}{\376\377\0001\000.\0001\000\040\226\217\147\072\116\213\116\366\123\312\121\166\217\320\173\227}{chapter.1}% 2
\BOOKMARK [1][]{section.1.2}{\376\377\0001\000.\0002\000\040\151\202\163\207\166\204\133\232\116\111\123\312\121\166\170\156\133\232\145\271\154\325}{chapter.1}% 3
\BOOKMARK [2][]{subsection.1.2.1}{\376\377\0001\000.\0002\000.\0001\000\040\151\202\163\207\166\204\121\154\164\006\123\026\133\232\116\111}{section.1.2}% 4
\BOOKMARK [2][]{subsection.1.2.2}{\376\377\0001\000.\0002\000.\0002\000\040\143\222\122\027\176\304\124\010\121\154\137\017}{section.1.2}% 5
\BOOKMARK [2][]{subsection.1.2.3}{\376\377\0001\000.\0002\000.\0003\000\040\170\156\133\232\151\202\163\207\166\204\230\221\163\207\145\271\154\325}{section.1.2}% 6
\BOOKMARK [2][]{subsection.1.2.4}{\376\377\0001\000.\0002\000.\0004\000\040\170\156\133\232\151\202\163\207\166\204\123\344\121\170\145\271\154\325}{section.1.2}% 7
\BOOKMARK [2][]{subsection.1.2.5}{\376\377\0001\000.\0002\000.\0005\000\040\170\156\133\232\151\202\163\207\166\204\121\340\117\125\145\271\154\325}{section.1.2}% 8
\BOOKMARK [2][]{subsection.1.2.6}{\376\377\0001\000.\0002\000.\0006\000\040\170\156\133\232\151\202\163\207\166\204\116\073\211\302\145\271\154\325}{section.1.2}% 9
\BOOKMARK [1][]{section.1.3}{\376\377\0001\000.\0003\000\040\151\202\163\207\166\204\140\047\215\050}{chapter.1}% 10
\BOOKMARK [2][]{subsection.1.3.1}{\376\377\0001\000.\0003\000.\0001\000\040\151\202\163\207\166\204\123\357\122\240\140\047}{section.1.3}% 11
\BOOKMARK [2][]{subsection.1.3.2}{\376\377\0001\000.\0003\000.\0002\000\040\151\202\163\207\166\204\123\125\214\003\140\047}{section.1.3}% 12
\BOOKMARK [2][]{subsection.1.3.3}{\376\377\0001\000.\0003\000.\0003\000\040\151\202\163\207\166\204\122\240\154\325\121\154\137\017}{section.1.3}% 13
\BOOKMARK [2][]{subsection.1.3.4}{\376\377\0001\000.\0003\000.\0004\000\040\151\202\163\207\166\204\217\336\176\355\140\047}{section.1.3}% 14
\BOOKMARK [1][]{section.1.4}{\376\377\0001\000.\0004\000\040\147\141\116\366\151\202\163\207}{chapter.1}% 15
\BOOKMARK [2][]{subsection.1.4.1}{\376\377\0001\000.\0004\000.\0001\000\040\147\141\116\366\151\202\163\207\166\204\133\232\116\111}{section.1.4}% 16
\BOOKMARK [2][]{subsection.1.4.2}{\376\377\0001\000.\0004\000.\0002\000\040\116\130\154\325\121\154\137\017}{section.1.4}% 17
\BOOKMARK [2][]{subsection.1.4.3}{\376\377\0001\000.\0004\000.\0003\000\040\121\150\151\202\163\207\121\154\137\017}{section.1.4}% 18
\BOOKMARK [2][]{subsection.1.4.4}{\376\377\0001\000.\0004\000.\0004\000\040\000B\000a\000y\000e\000s\121\154\137\017}{section.1.4}% 19
\BOOKMARK [1][]{section.1.5}{\376\377\0001\000.\0005\000\040\162\354\172\313\140\047}{chapter.1}% 20
\BOOKMARK [2][]{subsection.1.5.1}{\376\377\0001\000.\0005\000.\0001\000\040\116\044\116\052\116\213\116\366\166\204\162\354\172\313\140\047}{section.1.5}% 21
\BOOKMARK [2][]{subsection.1.5.2}{\376\377\0001\000.\0005\000.\0002\000\040\131\032\116\052\116\213\116\366\166\204\166\370\116\222\162\354\172\313\140\047}{section.1.5}% 22
\BOOKMARK [1][]{section.1.6}{\376\377\0001\000.\0006\000\040\213\325\232\214\166\204\162\354\172\313\140\047}{chapter.1}% 23
\BOOKMARK [0][]{chapter.2}{\376\377\173\054\000\040\0002\000\040\172\340\000\040\226\217\147\072\123\330\221\317\123\312\121\166\122\006\136\003}{}% 24
\BOOKMARK [1][]{section.2.1}{\376\377\0002\000.\0001\000\040\127\372\147\054\151\202\137\365}{chapter.2}% 25
\BOOKMARK [2][]{subsection.2.1.1}{\376\377\0002\000.\0001\000.\0001\000\040\226\217\147\072\123\330\221\317\166\204\133\232\116\111}{section.2.1}% 26
\BOOKMARK [2][]{subsection.2.1.2}{\376\377\0002\000.\0001\000.\0002\000\040\122\006\136\003\121\375\145\160}{section.2.1}% 27
\BOOKMARK [2][]{subsection.2.1.3}{\376\377\0002\000.\0001\000.\0003\000\040\171\273\145\143\226\217\147\072\123\330\221\317\166\204\151\202\163\207\122\006\136\003\122\027}{section.2.1}% 28
\BOOKMARK [2][]{subsection.2.1.4}{\376\377\0002\000.\0001\000.\0004\000\040\217\336\176\355\226\217\147\072\123\330\221\317\166\204\151\202\163\207\133\306\136\246\121\375\145\160}{section.2.1}% 29
\BOOKMARK [1][]{section.2.2}{\376\377\0002\000.\0002\000\040\145\160\133\146\147\037\147\033}{chapter.2}% 30
\BOOKMARK [2][]{subsection.2.2.1}{\376\377\0002\000.\0002\000.\0001\000\040\145\160\133\146\147\037\147\033\166\204\133\232\116\111}{section.2.2}% 31
\BOOKMARK [2][]{subsection.2.2.2}{\376\377\0002\000.\0002\000.\0002\000\040\145\160\133\146\147\037\147\033\166\204\140\047\215\050}{section.2.2}% 32
\BOOKMARK [2][]{subsection.2.2.3}{\376\377\0002\000.\0002\000.\0003\000\040\000M\000a\000r\000k\000o\000v\116\015\173\111\137\017}{section.2.2}% 33
\BOOKMARK [1][]{section.2.3}{\376\377\0002\000.\0003\000\040\145\271\135\356\116\016\150\007\121\306\135\356}{chapter.2}% 34
\BOOKMARK [2][]{subsection.2.3.1}{\376\377\0002\000.\0003\000.\0001\000\040\145\271\135\356\116\016\150\007\121\306\135\356\166\204\133\232\116\111}{section.2.3}% 35
\BOOKMARK [2][]{subsection.2.3.2}{\376\377\0002\000.\0003\000.\0002\000\040\145\271\135\356\166\204\140\047\215\050}{section.2.3}% 36
\BOOKMARK [2][]{subsection.2.3.3}{\376\377\0002\000.\0003\000.\0003\000\040\000C\000h\000e\000b\000y\000s\000h\000e\000v\116\015\173\111\137\017}{section.2.3}% 37
\BOOKMARK [2][]{subsection.2.3.4}{\376\377\0002\000.\0003\000.\0004\000\040\226\217\147\072\123\330\221\317\166\204\116\055\137\303\123\026\116\016\150\007\121\306\123\026}{section.2.3}% 38
\BOOKMARK [1][]{section.2.4}{\376\377\0002\000.\0004\000\040\136\070\165\050\171\273\145\143\122\006\136\003}{chapter.2}% 39
\BOOKMARK [2][]{subsection.2.4.1}{\376\377\0002\000.\0004\000.\0001\000\040\000B\000e\000r\000n\000o\000u\000l\000l\000i\122\006\136\003}{section.2.4}% 40
\BOOKMARK [2][]{subsection.2.4.2}{\376\377\0002\000.\0004\000.\0002\000\040\116\214\230\171\122\006\136\003}{section.2.4}% 41
