\BOOKMARK [0][]{chapter*.3}{\376\377\230\204\131\007\167\345\213\306}{}% 1
\BOOKMARK [1][]{section.0.1}{\376\377\0000\000.\0001\000\040\124\175\230\230}{chapter*.3}% 2
\BOOKMARK [2][]{subsection.0.1.1}{\376\377\0000\000.\0001\000.\0001\000\040\124\175\230\230\166\204\151\202\137\365}{section.0.1}% 3
\BOOKMARK [2][]{subsection.0.1.2}{\376\377\0000\000.\0001\000.\0002\000\040\220\073\217\221\200\124\176\323\213\315}{section.0.1}% 4
\BOOKMARK [2][]{subsection.0.1.3}{\376\377\0000\000.\0001\000.\0003\000\040\124\175\230\230\123\330\143\142\116\016\167\037\120\074\122\044\145\255}{section.0.1}% 5
\BOOKMARK [2][]{subsection.0.1.4}{\376\377\0000\000.\0001\000.\0004\000\040\205\164\124\053\121\163\174\373\116\016\147\141\116\366\213\355\123\345}{section.0.1}% 6
\BOOKMARK [1][]{section.0.2}{\376\377\0000\000.\0002\000\040\220\073\217\221\221\317\213\315}{chapter*.3}% 7
\BOOKMARK [1][]{section.0.3}{\376\377\0000\000.\0003\000\040\226\306\124\010\166\204\127\372\147\054\151\202\137\365}{chapter*.3}% 8
\BOOKMARK [2][]{subsection.0.3.1}{\376\377\0000\000.\0003\000.\0001\000\040\226\306\124\010\166\204\210\150\171\072}{section.0.3}% 9
\BOOKMARK [2][]{subsection.0.3.2}{\376\377\0000\000.\0003\000.\0002\000\040\226\306\124\010\166\204\123\005\124\053\116\016\166\370\173\111}{section.0.3}% 10
\BOOKMARK [1][]{section.0.4}{\376\377\0000\000.\0004\000\040\226\306\124\010\166\204\217\320\173\227}{chapter*.3}% 11
\BOOKMARK [2][]{subsection.0.4.1}{\376\377\0000\000.\0004\000.\0001\000\040\226\306\124\010\166\204\127\372\147\054\217\320\173\227}{section.0.4}% 12
\BOOKMARK [2][]{subsection.0.4.2}{\376\377\0000\000.\0004\000.\0002\000\040\226\306\122\027\166\204\116\012\147\201\226\120\124\214\116\013\147\201\226\120}{section.0.4}% 13
\BOOKMARK [2][]{subsection.0.4.3}{\376\377\0000\000.\0004\000.\0003\000\040\123\125\214\003\226\306\122\027}{section.0.4}% 14
\BOOKMARK [2][]{subsection.0.4.4}{\376\377\0000\000.\0004\000.\0004\000\040\226\306\124\010\166\204\000C\000a\000r\000t\000e\000s\000i\000a\000n\171\357}{section.0.4}% 15
\BOOKMARK [1][]{section.0.5}{\376\377\0000\000.\0005\000\040\121\163\174\373\116\016\173\111\116\367\121\163\174\373}{chapter*.3}% 16
\BOOKMARK [1][]{section.0.6}{\376\377\0000\000.\0006\000\040\146\040\134\004}{chapter*.3}% 17
\BOOKMARK [1][]{section.0.7}{\376\377\0000\000.\0007\000\040\133\371\173\111\116\016\127\372\145\160}{chapter*.3}% 18
\BOOKMARK [1][]{section.0.8}{\376\377\0000\000.\0008\000\040\123\357\145\160\226\306}{chapter*.3}% 19
\BOOKMARK [1][]{section.0.9}{\376\377\0000\000.\0009\000\040\116\015\123\357\145\160\226\306}{chapter*.3}% 20
\BOOKMARK [-1][]{part.1}{\376\377\173\054\116\000\220\350\122\006\000\040\116\000\121\103\121\375\145\160\137\256\171\357\122\006}{}% 21
\BOOKMARK [0][]{chapter.1}{\376\377\173\054\000\040\0001\000\040\172\340\000\040\133\236\145\160\164\006\213\272}{part.1}% 22
\BOOKMARK [1][]{section.1.1}{\376\377\0001\000.\0001\000\040\133\236\145\160\166\204\133\232\116\111}{chapter.1}% 23
\BOOKMARK [2][]{subsection.1.1.1}{\376\377\0001\000.\0001\000.\0001\000\040\136\372\172\313\133\236\145\160\166\204\123\237\122\031}{section.1.1}% 24
\BOOKMARK [2][]{subsection.1.1.2}{\376\377\0001\000.\0001\000.\0002\000\040\000D\000e\000d\000e\000k\000i\000n\000d\122\006\122\162}{section.1.1}% 25
\BOOKMARK [2][]{subsection.1.1.3}{\376\377\0001\000.\0001\000.\0003\000\040\133\236\145\160\166\204\121\154\164\006\123\026\133\232\116\111}{section.1.1}% 26
\BOOKMARK [1][]{section.1.2}{\376\377\0001\000.\0002\000\040\170\156\165\114\123\237\164\006}{chapter.1}% 27
\BOOKMARK [2][]{subsection.1.2.1}{\376\377\0001\000.\0002\000.\0001\000\040\170\156\165\114\166\204\133\232\116\111}{section.1.2}% 28
\BOOKMARK [2][]{subsection.1.2.2}{\376\377\0001\000.\0002\000.\0002\000\040\170\156\165\114\123\237\164\006\123\312\121\166\213\301\146\016}{section.1.2}% 29
\BOOKMARK [1][]{section.1.3}{\376\377\0001\000.\0003\000\040\133\236\145\160\166\204\133\214\131\007\140\047}{chapter.1}% 30
\BOOKMARK [2][]{subsection.1.3.1}{\376\377\0001\000.\0003\000.\0001\000\040\121\163\116\216\133\236\145\160\226\306\133\214\131\007\140\047\166\204\127\372\147\054\133\232\164\006}{section.1.3}% 31
\BOOKMARK [2][]{subsection.1.3.2}{\376\377\0001\000.\0003\000.\0002\000\040\133\236\145\160\226\306\133\214\131\007\140\047\133\232\164\006\166\204\173\111\116\367\121\163\174\373}{section.1.3}% 32
\BOOKMARK [0][]{chapter.2}{\376\377\173\054\000\040\0002\000\040\172\340\000\040\145\160\122\027\147\201\226\120}{part.1}% 33
\BOOKMARK [1][]{section.2.1}{\376\377\0002\000.\0001\000\040\145\160\122\027\147\201\226\120\166\204\133\232\116\111}{chapter.2}% 34
\BOOKMARK [1][]{section.2.2}{\376\377\0002\000.\0002\000\040\145\066\145\133\145\160\122\027\166\204\140\047\215\050}{chapter.2}% 35
\BOOKMARK [1][]{section.2.3}{\376\377\0002\000.\0003\000\040\000S\000t\000o\000l\000z\133\232\164\006}{chapter.2}% 36
\BOOKMARK [1][]{section.2.4}{\376\377\0002\000.\0004\000\040\145\160\122\027\147\201\226\120\133\130\127\050\166\204\147\141\116\366}{chapter.2}% 37
\BOOKMARK [2][]{subsection.2.4.1}{\376\377\0002\000.\0004\000.\0001\000\040\145\160\122\027\147\201\226\120\166\204\133\130\127\050\140\047\133\232\164\006}{section.2.4}% 38
\BOOKMARK [2][]{subsection.2.4.2}{\376\377\0002\000.\0004\000.\0002\000\040\201\352\161\066\136\070\145\160\116\016\000E\000u\000l\000e\000r\136\070\145\160}{section.2.4}% 39
\BOOKMARK [1][]{section.2.5}{\376\377\0002\000.\0005\000\040\116\012\147\201\226\120\124\214\116\013\147\201\226\120}{chapter.2}% 40
\BOOKMARK [2][]{subsection.2.5.1}{\376\377\0002\000.\0005\000.\0001\000\040\116\012\147\201\226\120\124\214\116\013\147\201\226\120\166\204\133\232\116\111}{section.2.5}% 41
\BOOKMARK [2][]{subsection.2.5.2}{\376\377\0002\000.\0005\000.\0002\000\040\116\012\116\013\147\201\226\120\166\204\140\047\215\050}{section.2.5}% 42
\BOOKMARK [0][]{chapter.3}{\376\377\173\054\000\040\0003\000\040\172\340\000\040\121\375\145\160\147\201\226\120}{part.1}% 43
\BOOKMARK [1][]{section.3.1}{\376\377\0003\000.\0001\000\040\121\375\145\160\166\204\151\202\137\365}{chapter.3}% 44
\BOOKMARK [2][]{subsection.3.1.1}{\376\377\0003\000.\0001\000.\0001\000\040\121\375\145\160\166\204\133\232\116\111}{section.3.1}% 45
\BOOKMARK [2][]{subsection.3.1.2}{\376\377\0003\000.\0001\000.\0002\000\040\131\015\124\010\121\375\145\160}{section.3.1}% 46
\BOOKMARK [2][]{subsection.3.1.3}{\376\377\0003\000.\0001\000.\0003\000\040\122\035\173\111\121\375\145\160}{section.3.1}% 47
\BOOKMARK [1][]{section.3.2}{\376\377\0003\000.\0002\000\040\121\375\145\160\166\204\140\047\215\050}{chapter.3}% 48
\BOOKMARK [2][]{subsection.3.2.1}{\376\377\0003\000.\0002\000.\0001\000\040\147\011\165\114\140\047}{section.3.2}% 49
\BOOKMARK [2][]{subsection.3.2.2}{\376\377\0003\000.\0002\000.\0002\000\040\123\125\214\003\140\047}{section.3.2}% 50
\BOOKMARK [2][]{subsection.3.2.3}{\376\377\0003\000.\0002\000.\0003\000\040\131\107\120\166\140\047}{section.3.2}% 51
\BOOKMARK [2][]{subsection.3.2.4}{\376\377\0003\000.\0002\000.\0004\000\040\124\150\147\037\140\047}{section.3.2}% 52
\BOOKMARK [1][]{section.3.3}{\376\377\0003\000.\0003\000\040\121\375\145\160\147\201\226\120\166\204\133\232\116\111}{chapter.3}% 53
\BOOKMARK [2][]{subsection.3.3.1}{\376\377\0003\000.\0003\000.\0001\000\040\000x\215\213\116\216\145\366\121\375\145\160\166\204\147\201\226\120}{section.3.3}% 54
\BOOKMARK [2][]{subsection.3.3.2}{\376\377\0003\000.\0003\000.\0002\000\040\000x\215\213\116\216\000x\0000\145\366\121\375\145\160\166\204\147\201\226\120}{section.3.3}% 55
\BOOKMARK [2][]{subsection.3.3.3}{\376\377\0003\000.\0003\000.\0003\000\040\123\125\117\247\147\201\226\120}{section.3.3}% 56
\BOOKMARK [1][]{section.3.4}{\376\377\0003\000.\0004\000\040\121\375\145\160\147\201\226\120\166\204\140\047\215\050}{chapter.3}% 57
\BOOKMARK [1][]{section.3.5}{\376\377\0003\000.\0005\000\040\121\375\145\160\147\201\226\120\133\130\127\050\166\204\147\141\116\366}{chapter.3}% 58
\BOOKMARK [1][]{section.3.6}{\376\377\0003\000.\0006\000\040\116\044\116\052\221\315\211\201\147\201\226\120}{chapter.3}% 59
\BOOKMARK [2][]{subsection.3.6.1}{\376\377\0003\000.\0006\000.\0001\000\040\000x\0000\000x\000x\000=\0001}{section.3.6}% 60
\BOOKMARK [2][]{subsection.3.6.2}{\376\377\0003\000.\0006\000.\0002\000\040\000x\000\050\0001\000+\0001\000x\000\051\000x\000=\000e}{section.3.6}% 61
\BOOKMARK [1][]{section.3.7}{\376\377\0003\000.\0007\000\040\145\340\172\167\134\017\221\317\116\016\145\340\172\167\131\047\221\317}{chapter.3}% 62
\BOOKMARK [2][]{subsection.3.7.1}{\376\377\0003\000.\0007\000.\0001\000\040\145\340\172\167\134\017\221\317}{section.3.7}% 63
\BOOKMARK [2][]{subsection.3.7.2}{\376\377\0003\000.\0007\000.\0002\000\040\145\340\172\167\134\017\221\317\226\066\166\204\153\324\217\203}{section.3.7}% 64
\BOOKMARK [2][]{subsection.3.7.3}{\376\377\0003\000.\0007\000.\0003\000\040\145\340\172\167\131\047\221\317}{section.3.7}% 65
\BOOKMARK [1][]{section.3.8}{\376\377\0003\000.\0008\000\040\146\362\176\277\166\204\156\020\217\321\176\277}{chapter.3}% 66
\BOOKMARK [1][]{section.3.9}{\376\377\0003\000.\0009\000\040\220\350\122\006\121\375\145\160\133\232\116\111\210\145\123\331}{chapter.3}% 67
\BOOKMARK [1][]{section.3.10}{\376\377\0003\000.\0001\0000\000\040\121\375\145\160\166\204\116\012\147\201\226\120\124\214\116\013\147\201\226\120}{chapter.3}% 68
\BOOKMARK [0][]{chapter.4}{\376\377\173\054\000\040\0004\000\040\172\340\000\040\121\375\145\160\166\204\217\336\176\355\140\047}{part.1}% 69
\BOOKMARK [1][]{section.4.1}{\376\377\0004\000.\0001\000\040\217\336\176\355\116\016\225\364\145\255}{chapter.4}% 70
\BOOKMARK [2][]{subsection.4.1.1}{\376\377\0004\000.\0001\000.\0001\000\040\121\375\145\160\127\050\116\000\160\271\166\204\217\336\176\355\140\047}{section.4.1}% 71
\BOOKMARK [2][]{subsection.4.1.2}{\376\377\0004\000.\0001\000.\0002\000\040\123\072\225\364\116\012\166\204\217\336\176\355\121\375\145\160}{section.4.1}% 72
\BOOKMARK [2][]{subsection.4.1.3}{\376\377\0004\000.\0001\000.\0003\000\040\225\364\145\255\160\271\123\312\121\166\122\006\174\173}{section.4.1}% 73
\BOOKMARK [1][]{section.4.2}{\376\377\0004\000.\0002\000\040\217\336\176\355\121\375\145\160\166\204\140\047\215\050}{chapter.4}% 74
\BOOKMARK [2][]{subsection.4.2.1}{\376\377\0004\000.\0002\000.\0001\000\040\217\336\176\355\121\375\145\160\166\204\134\100\220\350\140\047\215\050}{section.4.2}% 75
\BOOKMARK [2][]{subsection.4.2.2}{\376\377\0004\000.\0002\000.\0002\000\040\123\315\121\375\145\160\166\204\217\336\176\355\140\047}{section.4.2}% 76
\BOOKMARK [2][]{subsection.4.2.3}{\376\377\0004\000.\0002\000.\0003\000\040\225\355\123\072\225\364\116\012\217\336\176\355\121\375\145\160\166\204\140\047\215\050}{section.4.2}% 77
\BOOKMARK [2][]{subsection.4.2.4}{\376\377\0004\000.\0002\000.\0004\000\040\116\000\201\364\217\336\176\355\140\047}{section.4.2}% 78
\BOOKMARK [1][]{section.4.3}{\376\377\0004\000.\0003\000\040\122\035\173\111\121\375\145\160\166\204\217\336\176\355\140\047}{chapter.4}% 79
\BOOKMARK [0][]{chapter.5}{\376\377\173\054\000\040\0005\000\040\172\340\000\040\133\374\145\160\116\016\137\256\122\006}{part.1}% 80
\BOOKMARK [1][]{section.5.1}{\376\377\0005\000.\0001\000\040\133\374\145\160\116\016\137\256\122\006\166\204\151\202\137\365}{chapter.5}% 81
\BOOKMARK [2][]{subsection.5.1.1}{\376\377\0005\000.\0001\000.\0001\000\040\133\374\145\160\116\016\137\256\122\006\166\204\133\232\116\111}{section.5.1}% 82
\BOOKMARK [2][]{subsection.5.1.2}{\376\377\0005\000.\0001\000.\0002\000\040\123\125\117\247\133\374\145\160}{section.5.1}% 83
\BOOKMARK [2][]{subsection.5.1.3}{\376\377\0005\000.\0001\000.\0003\000\040\133\374\121\375\145\160}{section.5.1}% 84
\BOOKMARK [2][]{subsection.5.1.4}{\376\377\0005\000.\0001\000.\0004\000\040\133\374\145\160\166\204\121\340\117\125\141\017\116\111}{section.5.1}% 85
\BOOKMARK [1][]{section.5.2}{\376\377\0005\000.\0002\000\040\154\102\133\374\154\325\122\031}{chapter.5}% 86
\BOOKMARK [2][]{subsection.5.2.1}{\376\377\0005\000.\0002\000.\0001\000\040\133\374\145\160\166\204\126\333\122\031\217\320\173\227}{section.5.2}% 87
\BOOKMARK [2][]{subsection.5.2.2}{\376\377\0005\000.\0002\000.\0002\000\040\131\015\124\010\121\375\145\160\166\204\133\374\145\160}{section.5.2}% 88
\BOOKMARK [2][]{subsection.5.2.3}{\376\377\0005\000.\0002\000.\0003\000\040\123\315\121\375\145\160\166\204\133\374\145\160}{section.5.2}% 89
\BOOKMARK [2][]{subsection.5.2.4}{\376\377\0005\000.\0002\000.\0004\000\040\123\302\123\330\221\317\121\375\145\160\166\204\133\374\145\160}{section.5.2}% 90
\BOOKMARK [2][]{subsection.5.2.5}{\376\377\0005\000.\0002\000.\0005\000\040\122\035\173\111\121\375\145\160\133\374\145\160\121\154\137\017}{section.5.2}% 91
\BOOKMARK [1][]{section.5.3}{\376\377\0005\000.\0003\000\040\232\330\226\066\133\374\145\160}{chapter.5}% 92
\BOOKMARK [2][]{subsection.5.3.1}{\376\377\0005\000.\0003\000.\0001\000\040\232\330\226\066\133\374\145\160\166\204\133\232\116\111}{section.5.3}% 93
\BOOKMARK [2][]{subsection.5.3.2}{\376\377\0005\000.\0003\000.\0002\000\040\232\330\226\066\133\374\145\160\166\204\217\320\173\227\154\325\122\031}{section.5.3}% 94
\BOOKMARK [0][]{chapter.6}{\376\377\173\054\000\040\0006\000\040\172\340\000\040\137\256\122\006\116\055\120\074\133\232\164\006\123\312\121\166\136\224\165\050}{part.1}% 95
\BOOKMARK [1][]{section.6.1}{\376\377\0006\000.\0001\000\040\000L\000a\000g\000r\000a\000n\000g\000e\133\232\164\006}{chapter.6}% 96
\BOOKMARK [1][]{section.6.2}{\376\377\0006\000.\0002\000\040\000C\000a\000u\000c\000h\000y\116\055\120\074\133\232\164\006\116\016\000L\000'\000H\000o\000s\000p\000i\000t\000a\000l\154\325\122\031}{chapter.6}% 97
\BOOKMARK [2][]{subsection.6.2.1}{\376\377\0006\000.\0002\000.\0001\000\040\000C\000a\000u\000c\000h\000y\116\055\120\074\133\232\164\006}{section.6.2}% 98
\BOOKMARK [2][]{subsection.6.2.2}{\376\377\0006\000.\0002\000.\0002\000\040\000L\000'\000H\000o\000s\000p\000i\000t\000a\000l\154\325\122\031}{section.6.2}% 99
\BOOKMARK [1][]{section.6.3}{\376\377\0006\000.\0003\000\040\000T\000a\000y\000l\000o\000r\121\154\137\017}{chapter.6}% 100
\BOOKMARK [2][]{subsection.6.3.1}{\376\377\0006\000.\0003\000.\0001\000\040\136\046\147\011\000P\000e\000a\000n\000o\127\213\117\131\230\171\166\204\000T\000a\000y\000l\000o\000r\121\154\137\017}{section.6.3}% 101
\BOOKMARK [2][]{subsection.6.3.2}{\376\377\0006\000.\0003\000.\0002\000\040\136\046\147\011\000L\000a\000g\000r\000a\000n\000g\000e\127\213\117\131\230\171\166\204\000T\000a\000y\000l\000o\000r\121\154\137\017}{section.6.3}% 102
\BOOKMARK [2][]{subsection.6.3.3}{\376\377\0006\000.\0003\000.\0003\000\040\000T\000a\000y\000l\000o\000r\121\154\137\017\166\204\136\224\165\050}{section.6.3}% 103
\BOOKMARK [1][]{section.6.4}{\376\377\0006\000.\0004\000\040\121\375\145\160\166\204\123\125\214\003\140\047}{chapter.6}% 104
\BOOKMARK [1][]{section.6.5}{\376\377\0006\000.\0005\000\040\121\375\145\160\166\204\147\201\120\074\116\016\147\000\120\074}{chapter.6}% 105
\BOOKMARK [1][]{section.6.6}{\376\377\0006\000.\0006\000\040\121\375\145\160\166\204\121\370\140\047\116\016\142\320\160\271}{chapter.6}% 106
\BOOKMARK [1][]{section.6.7}{\376\377\0006\000.\0007\000\040\145\271\172\013\166\204\217\321\117\074\211\343}{chapter.6}% 107
\BOOKMARK [0][]{chapter.7}{\376\377\173\054\000\040\0007\000\040\172\340\000\040\116\015\133\232\171\357\122\006}{part.1}% 108
\BOOKMARK [1][]{section.7.1}{\376\377\0007\000.\0001\000\040\116\015\133\232\171\357\122\006\166\204\151\202\137\365}{chapter.7}% 109
\BOOKMARK [2][]{subsection.7.1.1}{\376\377\0007\000.\0001\000.\0001\000\040\123\237\121\375\145\160\116\016\116\015\133\232\171\357\122\006}{section.7.1}% 110
\BOOKMARK [2][]{subsection.7.1.2}{\376\377\0007\000.\0001\000.\0002\000\040\127\372\147\054\171\357\122\006\210\150}{section.7.1}% 111
\BOOKMARK [1][]{section.7.2}{\376\377\0007\000.\0002\000\040\171\357\122\006\145\271\154\325}{chapter.7}% 112
\BOOKMARK [2][]{subsection.7.2.1}{\376\377\0007\000.\0002\000.\0001\000\040\143\142\121\103\171\357\122\006\154\325}{section.7.2}% 113
\BOOKMARK [2][]{subsection.7.2.2}{\376\377\0007\000.\0002\000.\0002\000\040\122\006\220\350\171\357\122\006\154\325}{section.7.2}% 114
\BOOKMARK [1][]{section.7.3}{\376\377\0007\000.\0003\000\040\147\011\164\006\121\375\145\160\124\214\123\357\123\026\116\072\147\011\164\006\121\375\145\160\166\204\116\015\133\232\171\357\122\006}{chapter.7}% 115
\BOOKMARK [0][]{chapter.8}{\376\377\173\054\000\040\0008\000\040\172\340\000\040\000R\000i\000e\000m\000a\000n\000n\171\357\122\006}{part.1}% 116
\BOOKMARK [1][]{section.8.1}{\376\377\0008\000.\0001\000\040\000R\000i\000e\000m\000a\000n\000n\171\357\122\006\166\204\151\202\137\365}{chapter.8}% 117
\BOOKMARK [2][]{subsection.8.1.1}{\376\377\0008\000.\0001\000.\0001\000\040\225\177\136\246\060\001\227\142\171\357\116\016\000E\000u\000c\000l\000i\000d\172\172\225\364}{section.8.1}% 118
\BOOKMARK [2][]{subsection.8.1.2}{\376\377\0008\000.\0001\000.\0002\000\040\000R\000i\000e\000m\000a\000n\000n\171\357\122\006\166\204\133\232\116\111}{section.8.1}% 119
\BOOKMARK [1][]{section.8.2}{\376\377\0008\000.\0002\000\040\000R\000i\000e\000m\000a\000n\000n\123\357\171\357\147\141\116\366}{chapter.8}% 120
\BOOKMARK [2][]{subsection.8.2.1}{\376\377\0008\000.\0002\000.\0001\000\040\000R\000i\000e\000m\000a\000n\000n\123\357\171\357\166\204\137\305\211\201\147\141\116\366}{section.8.2}% 121
\BOOKMARK [2][]{subsection.8.2.2}{\376\377\0008\000.\0002\000.\0002\000\040\000R\000i\000e\000m\000a\000n\000n\123\357\171\357\166\204\121\105\211\201\147\141\116\366}{section.8.2}% 122
\BOOKMARK [2][]{subsection.8.2.3}{\376\377\0008\000.\0002\000.\0003\000\040\000R\000i\000e\000m\000a\000n\000n\123\357\171\357\166\204\121\105\122\006\147\141\116\366}{section.8.2}% 123
\BOOKMARK [1][]{section.8.3}{\376\377\0008\000.\0003\000\040\171\357\122\006\127\372\147\054\133\232\164\006}{chapter.8}% 124
\BOOKMARK [1][]{section.8.4}{\376\377\0008\000.\0004\000\040\000R\000i\000e\000m\000a\000n\000n\171\357\122\006\166\204\213\241\173\227}{chapter.8}% 125
\BOOKMARK [1][]{section.8.5}{\376\377\0008\000.\0005\000\040\000T\000a\000y\000l\000o\000r\121\154\137\017\166\204\171\357\122\006\127\213\117\131\230\171}{chapter.8}% 126
\BOOKMARK [0][]{chapter.9}{\376\377\173\054\000\040\0009\000\040\172\340\000\040\123\315\136\070\171\357\122\006}{part.1}% 127
\BOOKMARK [1][]{section.9.1}{\376\377\0009\000.\0001\000\040\123\315\136\070\171\357\122\006\151\202\137\365}{chapter.9}% 128
\BOOKMARK [1][]{section.9.2}{\376\377\0009\000.\0002\000\040\145\340\172\167\171\357\122\006\166\204\145\133\145\143\122\044\122\053}{chapter.9}% 129
\BOOKMARK [2][]{subsection.9.2.1}{\376\377\0009\000.\0002\000.\0001\000\040\145\340\172\167\171\357\122\006\145\066\145\133\166\204\000C\000a\000u\000c\000h\000y\121\306\122\031}{section.9.2}% 130
\BOOKMARK [2][]{subsection.9.2.2}{\376\377\0009\000.\0002\000.\0002\000\040\227\136\215\037\121\375\145\160\145\340\172\167\171\357\122\006\145\133\145\143\122\044\122\053}{section.9.2}% 131
\BOOKMARK [2][]{subsection.9.2.3}{\376\377\0009\000.\0002\000.\0003\000\040\116\000\202\054\145\340\172\167\171\357\122\006\166\204\145\133\145\143\122\044\122\053\154\325}{section.9.2}% 132
\BOOKMARK [1][]{section.9.3}{\376\377\0009\000.\0003\000\040\164\125\171\357\122\006\166\204\145\133\145\143\122\044\122\053}{chapter.9}% 133
\BOOKMARK [2][]{subsection.9.3.1}{\376\377\0009\000.\0003\000.\0001\000\040\164\125\171\357\122\006\145\066\145\133\166\204\000C\000a\000u\000c\000h\000y\121\306\122\031}{section.9.3}% 134
\BOOKMARK [2][]{subsection.9.3.2}{\376\377\0009\000.\0003\000.\0002\000\040\227\136\215\037\121\375\145\160\164\125\171\357\122\006\145\133\145\143\122\044\122\053}{section.9.3}% 135
\BOOKMARK [2][]{subsection.9.3.3}{\376\377\0009\000.\0003\000.\0003\000\040\116\000\202\054\164\125\171\357\122\006\166\204\145\133\145\143\122\044\122\053\154\325}{section.9.3}% 136
\BOOKMARK [-1][]{part.2}{\376\377\173\054\116\214\220\350\122\006\000\040\176\247\145\160}{}% 137
\BOOKMARK [0][]{chapter.10}{\376\377\173\054\000\040\0001\0000\000\040\172\340\000\040\145\160\230\171\176\247\145\160}{part.2}% 138
\BOOKMARK [1][]{section.10.1}{\376\377\0001\0000\000.\0001\000\040\127\372\147\054\151\202\137\365}{chapter.10}% 139
\BOOKMARK [1][]{section.10.2}{\376\377\0001\0000\000.\0002\000\040\153\143\230\171\176\247\145\160}{chapter.10}% 140
\BOOKMARK [2][]{subsection.10.2.1}{\376\377\0001\0000\000.\0002\000.\0001\000\040\116\000\202\054\122\044\122\053\123\237\122\031}{section.10.2}% 141
\BOOKMARK [2][]{subsection.10.2.2}{\376\377\0001\0000\000.\0002\000.\0002\000\040\153\324\137\017\122\044\122\053\154\325\124\214\150\071\137\017\122\044\122\053\154\325}{section.10.2}% 142
\BOOKMARK [2][]{subsection.10.2.3}{\376\377\0001\0000\000.\0002\000.\0003\000\040\000R\000a\000a\000b\000e\122\044\122\053\154\325}{section.10.2}% 143
\BOOKMARK [2][]{subsection.10.2.4}{\376\377\0001\0000\000.\0002\000.\0004\000\040\171\357\122\006\122\044\122\053\154\325}{section.10.2}% 144
\BOOKMARK [1][]{section.10.3}{\376\377\0001\0000\000.\0003\000\040\116\000\202\054\230\171\176\247\145\160}{chapter.10}% 145
\BOOKMARK [2][]{subsection.10.3.1}{\376\377\0001\0000\000.\0003\000.\0001\000\040\116\244\225\031\176\247\145\160}{section.10.3}% 146
\BOOKMARK [2][]{subsection.10.3.2}{\376\377\0001\0000\000.\0003\000.\0002\000\040\176\335\133\371\145\066\145\133\176\247\145\160\123\312\121\166\140\047\215\050}{section.10.3}% 147
\BOOKMARK [2][]{subsection.10.3.3}{\376\377\0001\0000\000.\0003\000.\0003\000\040\000A\000b\000e\000l\122\044\122\053\154\325\124\214\000D\000i\000r\000i\000c\000h\000l\000e\000t\122\044\122\053\154\325}{section.10.3}% 148
\BOOKMARK [0][]{chapter.11}{\376\377\173\054\000\040\0001\0001\000\040\172\340\000\040\121\375\145\160\230\171\176\247\145\160}{part.2}% 149
\BOOKMARK [1][]{section.11.1}{\376\377\0001\0001\000.\0001\000\040\116\000\201\364\145\066\145\133\140\047}{chapter.11}% 150
\BOOKMARK [2][]{subsection.11.1.1}{\376\377\0001\0001\000.\0001\000.\0001\000\040\121\375\145\160\122\027\123\312\121\166\116\000\201\364\145\066\145\133\140\047}{section.11.1}% 151
\BOOKMARK [2][]{subsection.11.1.2}{\376\377\0001\0001\000.\0001\000.\0002\000\040\121\375\145\160\230\171\176\247\145\160\123\312\121\166\116\000\201\364\145\066\145\133\140\047}{section.11.1}% 152
\BOOKMARK [2][]{subsection.11.1.3}{\376\377\0001\0001\000.\0001\000.\0003\000\040\121\375\145\160\230\171\176\247\145\160\166\204\116\000\201\364\145\066\145\133\140\047\122\044\122\053\154\325}{section.11.1}% 153
\BOOKMARK [1][]{section.11.2}{\376\377\0001\0001\000.\0002\000\040\116\000\201\364\145\066\145\133\121\375\145\160\122\027\116\016\121\375\145\160\230\171\176\247\145\160\166\204\140\047\215\050}{chapter.11}% 154
\BOOKMARK [1][]{section.11.3}{\376\377\0001\0001\000.\0003\000\040\136\102\176\247\145\160}{chapter.11}% 155
\BOOKMARK [2][]{subsection.11.3.1}{\376\377\0001\0001\000.\0003\000.\0001\000\040\136\102\176\247\145\160\166\204\145\066\145\133\123\072\225\364}{section.11.3}% 156
\BOOKMARK [2][]{subsection.11.3.2}{\376\377\0001\0001\000.\0003\000.\0002\000\040\136\102\176\247\145\160\166\204\140\047\215\050}{section.11.3}% 157
\BOOKMARK [2][]{subsection.11.3.3}{\376\377\0001\0001\000.\0003\000.\0003\000\040\136\102\176\247\145\160\166\204\217\320\173\227}{section.11.3}% 158
\BOOKMARK [1][]{section.11.4}{\376\377\0001\0001\000.\0004\000\040\121\375\145\160\166\204\136\102\176\247\145\160\134\125\137\000}{chapter.11}% 159
\BOOKMARK [1][]{section.11.5}{\376\377\0001\0001\000.\0005\000\040\153\315\121\375\145\160\145\271\154\325}{chapter.11}% 160
\BOOKMARK [1][]{section.11.6}{\376\377\0001\0001\000.\0006\000\040\165\050\176\247\145\160\147\204\220\040\121\375\145\160}{chapter.11}% 161
\BOOKMARK [2][]{subsection.11.6.1}{\376\377\0001\0001\000.\0006\000.\0001\000\040\131\004\131\004\217\336\176\355\117\106\131\004\131\004\116\015\123\357\133\374\166\204\121\375\145\160}{section.11.6}% 162
\BOOKMARK [2][]{subsection.11.6.2}{\376\377\0001\0001\000.\0006\000.\0002\000\040\000P\000e\000a\000n\000o\146\362\176\277}{section.11.6}% 163
\BOOKMARK [2][]{subsection.11.6.3}{\376\377\0001\0001\000.\0006\000.\0003\000\040\121\111\156\321\121\375\145\160\166\204\000T\000a\000y\000l\000o\000r\134\125\137\000\166\204\174\373\145\160\123\357\116\345\116\072\116\373\141\017\133\236\145\160\122\027}{section.11.6}% 164
\BOOKMARK [-1][]{part.3}{\376\377\173\054\116\011\220\350\122\006\000\040\131\032\121\103\121\375\145\160\137\256\171\357\122\006}{}% 165
\BOOKMARK [0][]{chapter.12}{\376\377\173\054\000\040\0001\0002\000\040\172\340\000\040\136\163\227\142\160\271\226\306\116\016\131\032\121\103\121\375\145\160}{part.3}% 166
\BOOKMARK [1][]{section.12.1}{\376\377\0001\0002\000.\0001\000\040\000n\121\103\121\375\145\160}{chapter.12}% 167
\BOOKMARK [1][]{section.12.2}{\376\377\0001\0002\000.\0002\000\040\116\214\121\103\121\375\145\160}{chapter.12}% 168
\BOOKMARK [0][]{chapter.13}{\376\377\173\054\000\040\0001\0003\000\040\172\340\000\040\131\032\121\103\121\375\145\160\166\204\147\201\226\120\116\016\217\336\176\355}{part.3}% 169
\BOOKMARK [1][]{section.13.1}{\376\377\0001\0003\000.\0001\000\040\221\315\147\201\226\120}{chapter.13}% 170
\BOOKMARK [0][]{chapter.14}{\376\377\173\054\000\040\0001\0004\000\040\172\340\000\040\131\032\121\103\121\375\145\160\137\256\122\006\133\146}{part.3}% 171
\BOOKMARK [0][]{chapter.15}{\376\377\173\054\000\040\0001\0005\000\040\172\340\000\040\131\032\121\103\121\375\145\160\171\357\122\006\133\146}{part.3}% 172
\BOOKMARK [0][]{chapter.16}{\376\377\173\054\000\040\0001\0006\000\040\172\340\000\040\146\362\176\277\171\357\122\006\116\016\146\362\227\142\171\357\122\006}{part.3}% 173
